Packet = 0x60
Zero: Done waiting for another: 100.167ms
Zero: Done waiting for another: 100.191ms
Zero: Done waiting for another: 100.174ms
Zero: Done waiting for another: 100.178ms
Zero: Done waiting for another: 100.166ms
One: Done processing for: 50ms
One: Done waiting for another: 50.0962ms
One: Done processing for: 50.0001ms
One: Done waiting for another: 50.1031ms
One: Done processing for: 50.0001ms
One: Done waiting for another: 50.0995ms
One: Done processing for: 50ms
One: Done waiting for another: 50.099ms
One: Done processing for: 50ms
One: Done waiting for another: 50.0941ms
One: Done processing for: 50ms
One: Done waiting for another: 50.1016ms
One: Done processing for: 50.0001ms
One: Done waiting for another: 50.0909ms
One: Done processing for: 50ms
One: Done waiting for another: 50.1012ms
One: Done processing for: 50ms
One: Done waiting for another: 50.0881ms
One: Done processing for: 50ms
One: Done waiting for another: 50.1046ms
Zero: Done waiting for another: 100.177ms
Zero: Done waiting for another: 100.176ms
Zero: Done waiting for another: 100.168ms
Zero: Done waiting for another: 100.165ms
Zero: Done waiting for another: 100.16ms
Zero: Done waiting for another: 100.179ms
Zero: Done waiting for another: 100.183ms
Zero: Done waiting for another: 100.174ms
Zero: Done waiting for another: 100.171ms
Zero: Done waiting for another: 100.18ms
Zero: Done waiting for another: 100.173ms
Zero: Done waiting for another: 100.172ms
Zero: Done waiting for another: 100.183ms
Zero: Done waiting for another: 100.173ms
Zero: Done waiting for another: 100.177ms
Zero: Done waiting for another: 100.172ms
Zero: Done waiting for another: 100.198ms
Zero: Done waiting for another: 100.182ms
Zero: Done waiting for another: 100.196ms
Zero: Done waiting for another: 100.186ms
Zero: Done waiting for another: 100.197ms
Zero: Done waiting for another: 100.189ms
Zero: Done waiting for another: 100.212ms
Zero: Done waiting for another: 100.163ms
Zero: Done waiting for another: 100.173ms
Packet = 0xc4
One: Done processing for: 50.0001ms
One: Done waiting for another: 50.1071ms
One: Done processing for: 50.0001ms
One: Done waiting for another: 50.1013ms
One: Done processing for: 50.0001ms
One: Done waiting for another: 50.1048ms
One: Done processing for: 50.0001ms
One: Done waiting for another: 50.0994ms
One: Done processing for: 50.0001ms
One: Done waiting for another: 50.0938ms
One: Done processing for: 50.0001ms
One: Done waiting for another: 50.089ms
One: Done processing for: 50.0001ms
One: Done waiting for another: 50.0986ms
One: Done processing for: 50.0001ms
One: Done waiting for another: 50.0842ms
One: Done processing for: 50.0001ms
One: Done waiting for another: 50.0936ms
One: Done processing for: 50.0001ms
One: Done waiting for another: 50.1023ms
Zero: Done waiting for another: 100.184ms
Zero: Done waiting for another: 100.178ms
Zero: Done waiting for another: 100.178ms
Zero: Done waiting for another: 100.163ms
Zero: Done waiting for another: 100.174ms
Zero: Done waiting for another: 100.168ms
Zero: Done waiting for another: 100.188ms
Zero: Done waiting for another: 100.192ms
Zero: Done waiting for another: 100.179ms
Zero: Done waiting for another: 100.182ms
Zero: Done waiting for another: 100.175ms
Zero: Done waiting for another: 100.154ms
Zero: Done waiting for another: 100.177ms
Zero: Done waiting for another: 100.175ms
Zero: Done waiting for another: 100.186ms
One: Done processing for: 50.0001ms
One: Done waiting for another: 50.0956ms
One: Done processing for: 50.0001ms
One: Done waiting for another: 50.0878ms
One: Done processing for: 50.0001ms
One: Done waiting for another: 50.0944ms
One: Done processing for: 50.0001ms
One: Done waiting for another: 50.0954ms
One: Done processing for: 50.0001ms
One: Done waiting for another: 50.0995ms
Zero: Done waiting for another: 100.173ms
Zero: Done waiting for another: 100.182ms
Zero: Done waiting for another: 100.186ms
Zero: Done waiting for another: 100.203ms
Zero: Done waiting for another: 100.18ms
Zero: Done waiting for another: 100.181ms
Zero: Done waiting for another: 100.175ms
Zero: Done waiting for another: 100.182ms
Zero: Done waiting for another: 100.171ms
Zero: Done waiting for another: 100.178ms
Packet = 0x7d
Zero: Done waiting for another: 100.18ms
Zero: Done waiting for another: 100.18ms
Zero: Done waiting for another: 100.165ms
Zero: Done waiting for another: 100.168ms
Zero: Done waiting for another: 100.18ms
One: Done processing for: 50.0001ms
One: Done waiting for another: 50.0943ms
One: Done processing for: 50.0001ms
One: Done waiting for another: 50.0944ms
One: Done processing for: 50ms
One: Done waiting for another: 50.0872ms
One: Done processing for: 50.0001ms
One: Done waiting for another: 50.0969ms
One: Done processing for: 50.0001ms
One: Done waiting for another: 50.096ms
One: Done processing for: 50.0001ms
One: Done waiting for another: 50.0987ms
One: Done processing for: 50.0001ms
One: Done waiting for another: 50.1045ms
One: Done processing for: 50ms
One: Done waiting for another: 50.0989ms
One: Done processing for: 50.0001ms
One: Done waiting for another: 50.09ms
One: Done processing for: 50ms
One: Done waiting for another: 50.0979ms
One: Done processing for: 50.0001ms
One: Done waiting for another: 50.0863ms
One: Done processing for: 50.0001ms
One: Done waiting for another: 50.0958ms
One: Done processing for: 50.0001ms
One: Done waiting for another: 50.1039ms
One: Done processing for: 50ms
One: Done waiting for another: 50.0897ms
One: Done processing for: 50ms
One: Done waiting for another: 50.0951ms
One: Done processing for: 50.0001ms
One: Done waiting for another: 50.0844ms
One: Done processing for: 50ms
One: Done waiting for another: 50.1037ms
One: Done processing for: 50ms
One: Done waiting for another: 50.0901ms
One: Done processing for: 50ms
One: Done waiting for another: 50.0975ms
One: Done processing for: 50.0001ms
One: Done waiting for another: 50.0913ms
One: Done processing for: 50.0001ms
One: Done waiting for another: 50.1018ms
One: Done processing for: 50.0001ms
One: Done waiting for another: 50.092ms
One: Done processing for: 50.0001ms
One: Done waiting for another: 50.0935ms
One: Done processing for: 50.0001ms
One: Done waiting for another: 50.1006ms
One: Done processing for: 50ms
One: Done waiting for another: 50.0936ms
Zero: Done waiting for another: 100.174ms
Zero: Done waiting for another: 100.179ms
Zero: Done waiting for another: 100.18ms
Zero: Done waiting for another: 100.18ms
Zero: Done waiting for another: 100.184ms
One: Done processing for: 50.0001ms
One: Done waiting for another: 50.0995ms
One: Done processing for: 50ms
One: Done waiting for another: 50.0908ms
One: Done processing for: 50.0001ms
One: Done waiting for another: 50.1012ms
One: Done processing for: 50.0001ms
One: Done waiting for another: 50.0945ms
One: Done processing for: 50.0001ms
One: Done waiting for another: 50.1007ms
Packet = 0x9f
One: Done processing for: 50.0001ms
One: Done waiting for another: 50.0937ms
One: Done processing for: 50.0001ms
One: Done waiting for another: 50.101ms
One: Done processing for: 50.0001ms
One: Done waiting for another: 50.0892ms
One: Done processing for: 50.0001ms
One: Done waiting for another: 50.0964ms
One: Done processing for: 50.0001ms
One: Done waiting for another: 50.1048ms
Zero: Done waiting for another: 100.178ms
Zero: Done waiting for another: 100.189ms
Zero: Done waiting for another: 100.173ms
Zero: Done waiting for another: 100.168ms
Zero: Done waiting for another: 100.167ms
Zero: Done waiting for another: 100.174ms
Zero: Done waiting for another: 100.188ms
Zero: Done waiting for another: 100.188ms
Zero: Done waiting for another: 100.174ms
Zero: Done waiting for another: 100.166ms
One: Done processing for: 50.0001ms
One: Done waiting for another: 50.0975ms
One: Done processing for: 50.0001ms
One: Done waiting for another: 50.1201ms
One: Done processing for: 50ms
One: Done waiting for another: 50.098ms
One: Done processing for: 50.0001ms
One: Done waiting for another: 50.0961ms
One: Done processing for: 50.0001ms
One: Done waiting for another: 50.0992ms
One: Done processing for: 50.0001ms
One: Done waiting for another: 50.0916ms
One: Done processing for: 50.0001ms
One: Done waiting for another: 50.0915ms
One: Done processing for: 50.0001ms
One: Done waiting for another: 50.104ms
One: Done processing for: 50.0001ms
One: Done waiting for another: 50.0904ms
One: Done processing for: 50.0001ms
One: Done waiting for another: 50.0994ms
One: Done processing for: 50ms
One: Done waiting for another: 50.0869ms
One: Done processing for: 50.0001ms
One: Done waiting for another: 50.0939ms
One: Done processing for: 50.0001ms
One: Done waiting for another: 50.0915ms
One: Done processing for: 50.0001ms
One: Done waiting for another: 50.094ms
One: Done processing for: 50ms
One: Done waiting for another: 50.0997ms
One: Done processing for: 50ms
One: Done waiting for another: 50.0944ms
One: Done processing for: 50.0001ms
One: Done waiting for another: 50.0968ms
One: Done processing for: 50.0001ms
One: Done waiting for another: 50.1014ms
One: Done processing for: 50.0001ms
One: Done waiting for another: 50.1016ms
One: Done processing for: 50.0001ms
One: Done waiting for another: 50.0951ms
One: Done processing for: 50.0001ms
One: Done waiting for another: 50.0947ms
One: Done processing for: 50ms
One: Done waiting for another: 50.0881ms
One: Done processing for: 50.0001ms
One: Done waiting for another: 50.0992ms
One: Done processing for: 50.0001ms
One: Done waiting for another: 50.0868ms
One: Done processing for: 50.0001ms
One: Done waiting for another: 50.0929ms
Packet = 0x5a
Zero: Done waiting for another: 100.178ms
Zero: Done waiting for another: 100.172ms
Zero: Done waiting for another: 100.172ms
Zero: Done waiting for another: 100.176ms
Zero: Done waiting for another: 100.18ms
One: Done processing for: 50.0001ms
One: Done waiting for another: 50.0959ms
One: Done processing for: 50ms
One: Done waiting for another: 50.0837ms
One: Done processing for: 50ms
One: Done waiting for another: 50.0982ms
One: Done processing for: 50.0001ms
One: Done waiting for another: 50.0888ms
One: Done processing for: 50.0001ms
One: Done waiting for another: 50.0937ms
Zero: Done waiting for another: 100.167ms
Zero: Done waiting for another: 100.168ms
Zero: Done waiting for another: 100.191ms
Zero: Done waiting for another: 100.169ms
Zero: Done waiting for another: 100.178ms
One: Done processing for: 50.0001ms
One: Done waiting for another: 50.1024ms
One: Done processing for: 50.0001ms
One: Done waiting for another: 50.0922ms
One: Done processing for: 50.0001ms
One: Done waiting for another: 50.0967ms
One: Done processing for: 50.0001ms
One: Done waiting for another: 50.0995ms
One: Done processing for: 50ms
One: Done waiting for another: 50.0983ms
One: Done processing for: 50ms
One: Done waiting for another: 50.0985ms
One: Done processing for: 50.0001ms
One: Done waiting for another: 50.0897ms
One: Done processing for: 50.0001ms
One: Done waiting for another: 50.0996ms
One: Done processing for: 50ms
One: Done waiting for another: 50.0926ms
One: Done processing for: 50ms
One: Done waiting for another: 50.0953ms
Zero: Done waiting for another: 100.18ms
Zero: Done waiting for another: 100.177ms
Zero: Done waiting for another: 100.177ms
Zero: Done waiting for another: 100.18ms
Zero: Done waiting for another: 100.176ms
One: Done processing for: 50.0001ms
One: Done waiting for another: 50.1014ms
One: Done processing for: 50.0001ms
One: Done waiting for another: 50.1041ms
One: Done processing for: 50.0001ms
One: Done waiting for another: 50.0892ms
One: Done processing for: 50.0001ms
One: Done waiting for another: 50.0975ms
One: Done processing for: 50.0001ms
One: Done waiting for another: 50.0973ms
Zero: Done waiting for another: 100.167ms
Zero: Done waiting for another: 100.18ms
Zero: Done waiting for another: 100.173ms
Zero: Done waiting for another: 100.171ms
Zero: Done waiting for another: 100.161ms
Packet = 0x42
Zero: Done waiting for another: 100.178ms
Zero: Done waiting for another: 100.201ms
Zero: Done waiting for another: 100.191ms
Zero: Done waiting for another: 100.182ms
Zero: Done waiting for another: 100.168ms
One: Done processing for: 50.0001ms
One: Done waiting for another: 50.103ms
One: Done processing for: 50.0001ms
One: Done waiting for another: 50.0921ms
One: Done processing for: 50.0001ms
One: Done waiting for another: 50.0987ms
One: Done processing for: 50.0001ms
One: Done waiting for another: 50.0898ms
One: Done processing for: 50.0001ms
One: Done waiting for another: 50.0986ms
Zero: Done waiting for another: 100.177ms
Zero: Done waiting for another: 100.176ms
Zero: Done waiting for another: 100.19ms
Zero: Done waiting for another: 100.179ms
Zero: Done waiting for another: 100.169ms
Zero: Done waiting for another: 100.161ms
Zero: Done waiting for another: 100.176ms
Zero: Done waiting for another: 100.187ms
Zero: Done waiting for another: 100.174ms
Zero: Done waiting for another: 100.171ms
Zero: Done waiting for another: 100.186ms
Zero: Done waiting for another: 100.187ms
Zero: Done waiting for another: 100.209ms
Zero: Done waiting for another: 100.172ms
Zero: Done waiting for another: 100.165ms
Zero: Done waiting for another: 100.19ms
Zero: Done waiting for another: 100.182ms
Zero: Done waiting for another: 100.182ms
Zero: Done waiting for another: 100.176ms
Zero: Done waiting for another: 100.182ms
One: Done processing for: 50ms
One: Done waiting for another: 50.0997ms
One: Done processing for: 50.0001ms
One: Done waiting for another: 50.0978ms
One: Done processing for: 50.0001ms
One: Done waiting for another: 50.1067ms
One: Done processing for: 50.0001ms
One: Done waiting for another: 50.097ms
One: Done processing for: 50.0001ms
One: Done waiting for another: 50.1018ms
Zero: Done waiting for another: 100.174ms
Zero: Done waiting for another: 100.168ms
Zero: Done waiting for another: 100.178ms
Zero: Done waiting for another: 100.161ms
Zero: Done waiting for another: 100.178ms
Packet = 0xbb
One: Done processing for: 50.0001ms
One: Done waiting for another: 50.096ms
One: Done processing for: 50.0001ms
One: Done waiting for another: 50.0907ms
One: Done processing for: 50ms
One: Done waiting for another: 50.0917ms
One: Done processing for: 50.0001ms
One: Done waiting for another: 50.0832ms
One: Done processing for: 50ms
One: Done waiting for another: 50.0903ms
Zero: Done waiting for another: 100.214ms
Zero: Done waiting for another: 100.185ms
Zero: Done waiting for another: 100.182ms
Zero: Done waiting for another: 100.175ms
Zero: Done waiting for another: 100.175ms
One: Done processing for: 50.0001ms
One: Done waiting for another: 50.0945ms
One: Done processing for: 50ms
One: Done waiting for another: 50.0987ms
One: Done processing for: 50ms
One: Done waiting for another: 50.0958ms
One: Done processing for: 50.0001ms
One: Done waiting for another: 50.1023ms
One: Done processing for: 50ms
One: Done waiting for another: 50.0912ms
One: Done processing for: 50.0001ms
One: Done waiting for another: 50.0967ms
One: Done processing for: 50.0001ms
One: Done waiting for another: 50.0965ms
One: Done processing for: 50.0001ms
One: Done waiting for another: 50.1027ms
One: Done processing for: 50ms
One: Done waiting for another: 50.0971ms
One: Done processing for: 50ms
One: Done waiting for another: 50.0973ms
One: Done processing for: 50ms
One: Done waiting for another: 50.0976ms
One: Done processing for: 50.0001ms
One: Done waiting for another: 50.0965ms
One: Done processing for: 50.0001ms
One: Done waiting for another: 50.0958ms
One: Done processing for: 50.0001ms
One: Done waiting for another: 50.0941ms
One: Done processing for: 50ms
One: Done waiting for another: 50.1062ms
Zero: Done waiting for another: 100.177ms
Zero: Done waiting for another: 100.167ms
Zero: Done waiting for another: 100.173ms
Zero: Done waiting for another: 100.179ms
Zero: Done waiting for another: 100.178ms
One: Done processing for: 50.0001ms
One: Done waiting for another: 50.0966ms
One: Done processing for: 50.0001ms
One: Done waiting for another: 50.0907ms
One: Done processing for: 50.0001ms
One: Done waiting for another: 50.1013ms
One: Done processing for: 50.0001ms
One: Done waiting for another: 50.0981ms
One: Done processing for: 50.0001ms
One: Done waiting for another: 50.1026ms
One: Done processing for: 50ms
One: Done waiting for another: 50.095ms
One: Done processing for: 50ms
One: Done waiting for another: 50.0953ms
One: Done processing for: 50ms
One: Done waiting for another: 50.0921ms
One: Done processing for: 50.0001ms
One: Done waiting for another: 50.0999ms
One: Done processing for: 50.0001ms
One: Done waiting for another: 50.1027ms
Packet = 0xaf
One: Done processing for: 50.0001ms
One: Done waiting for another: 50.0977ms
One: Done processing for: 50.0001ms
One: Done waiting for another: 50.1041ms
One: Done processing for: 50.0001ms
One: Done waiting for another: 50.0916ms
One: Done processing for: 50.0001ms
One: Done waiting for another: 50.0996ms
One: Done processing for: 50ms
One: Done waiting for another: 50.0908ms
Zero: Done waiting for another: 100.165ms
Zero: Done waiting for another: 100.178ms
Zero: Done waiting for another: 100.205ms
Zero: Done waiting for another: 100.181ms
Zero: Done waiting for another: 100.177ms
One: Done processing for: 50.0001ms
One: Done waiting for another: 50.0838ms
One: Done processing for: 50.0001ms
One: Done waiting for another: 50.0965ms
One: Done processing for: 50.0001ms
One: Done waiting for another: 50.0982ms
One: Done processing for: 50.0001ms
One: Done waiting for another: 50.099ms
One: Done processing for: 50ms
One: Done waiting for another: 50.0928ms
Zero: Done waiting for another: 100.166ms
Zero: Done waiting for another: 100.171ms
Zero: Done waiting for another: 100.177ms
Zero: Done waiting for another: 100.194ms
Zero: Done waiting for another: 100.169ms
One: Done processing for: 50.0001ms
One: Done waiting for another: 50.111ms
One: Done processing for: 50.0001ms
One: Done waiting for another: 50.0971ms
One: Done processing for: 50ms
One: Done waiting for another: 50.1018ms
One: Done processing for: 50.0001ms
One: Done waiting for another: 50.0937ms
One: Done processing for: 50.0001ms
One: Done waiting for another: 50.0971ms
One: Done processing for: 50.0001ms
One: Done waiting for another: 50.0995ms
One: Done processing for: 50.0001ms
One: Done waiting for another: 50.0919ms
One: Done processing for: 50ms
One: Done waiting for another: 50.1009ms
One: Done processing for: 50.0001ms
One: Done waiting for another: 50.0889ms
One: Done processing for: 50.0001ms
One: Done waiting for another: 50.0995ms
One: Done processing for: 50.0001ms
One: Done waiting for another: 50.0961ms
One: Done processing for: 50.0001ms
One: Done waiting for another: 50.094ms
One: Done processing for: 50.0001ms
One: Done waiting for another: 50.0936ms
One: Done processing for: 50.0001ms
One: Done waiting for another: 50.1009ms
One: Done processing for: 50.0001ms
One: Done waiting for another: 50.0957ms
One: Done processing for: 50.0001ms
One: Done waiting for another: 50.0938ms
One: Done processing for: 50.0001ms
One: Done waiting for another: 50.0966ms
One: Done processing for: 50.0001ms
One: Done waiting for another: 50.092ms
One: Done processing for: 50.0001ms
One: Done waiting for another: 50.0985ms
One: Done processing for: 50ms
One: Done waiting for another: 50.0843ms
Packet = 0xd4
One: Done processing for: 50.0001ms
One: Done waiting for another: 50.0969ms
One: Done processing for: 50ms
One: Done waiting for another: 50.1013ms
One: Done processing for: 50.0001ms
One: Done waiting for another: 50.1105ms
One: Done processing for: 50ms
One: Done waiting for another: 50.0876ms
One: Done processing for: 50.0001ms
One: Done waiting for another: 50.0998ms
One: Done processing for: 50.0001ms
One: Done waiting for another: 50.0972ms
One: Done processing for: 50.0001ms
One: Done waiting for another: 50.0939ms
One: Done processing for: 50.0001ms
One: Done waiting for another: 50.0975ms
One: Done processing for: 50.0001ms
One: Done waiting for another: 50.087ms
One: Done processing for: 50.0001ms
One: Done waiting for another: 50.1041ms
Zero: Done waiting for another: 100.176ms
Zero: Done waiting for another: 100.178ms
Zero: Done waiting for another: 100.185ms
Zero: Done waiting for another: 100.178ms
Zero: Done waiting for another: 100.175ms
One: Done processing for: 50ms
One: Done waiting for another: 50.0853ms
One: Done processing for: 50ms
One: Done waiting for another: 50.0936ms
One: Done processing for: 50ms
One: Done waiting for another: 50.1009ms
One: Done processing for: 50.0001ms
One: Done waiting for another: 50.0924ms
One: Done processing for: 50.0001ms
One: Done waiting for another: 50.1003ms
Zero: Done waiting for another: 100.171ms
Zero: Done waiting for another: 100.203ms
Zero: Done waiting for another: 100.178ms
Zero: Done waiting for another: 100.179ms
Zero: Done waiting for another: 100.179ms
One: Done processing for: 50.0001ms
One: Done waiting for another: 50.0957ms
One: Done processing for: 50.0001ms
One: Done waiting for another: 50.1028ms
One: Done processing for: 50.0001ms
One: Done waiting for another: 50.096ms
One: Done processing for: 50.0001ms
One: Done waiting for another: 50.1007ms
One: Done processing for: 50.0001ms
One: Done waiting for another: 50.0889ms
Zero: Done waiting for another: 100.189ms
Zero: Done waiting for another: 100.209ms
Zero: Done waiting for another: 100.187ms
Zero: Done waiting for another: 100.187ms
Zero: Done waiting for another: 100.182ms
Zero: Done waiting for another: 100.174ms
Zero: Done waiting for another: 100.171ms
Zero: Done waiting for another: 100.183ms
Zero: Done waiting for another: 100.172ms
Zero: Done waiting for another: 100.18ms
Packet = 0x1c
Zero: Done waiting for another: 100.165ms
Zero: Done waiting for another: 100.17ms
Zero: Done waiting for another: 100.177ms
Zero: Done waiting for another: 100.198ms
Zero: Done waiting for another: 100.179ms
Zero: Done waiting for another: 100.177ms
Zero: Done waiting for another: 100.169ms
Zero: Done waiting for another: 100.178ms
Zero: Done waiting for another: 100.172ms
Zero: Done waiting for another: 100.205ms
Zero: Done waiting for another: 100.164ms
Zero: Done waiting for another: 100.188ms
Zero: Done waiting for another: 100.187ms
Zero: Done waiting for another: 100.171ms
Zero: Done waiting for another: 100.169ms
One: Done processing for: 50.0001ms
One: Done waiting for another: 50.0933ms
One: Done processing for: 50.0001ms
One: Done waiting for another: 50.094ms
One: Done processing for: 50.0001ms
One: Done waiting for another: 50.0977ms
One: Done processing for: 50.0001ms
One: Done waiting for another: 50.0909ms
One: Done processing for: 50.0001ms
One: Done waiting for another: 50.0994ms
One: Done processing for: 50.0001ms
One: Done waiting for another: 50.0848ms
One: Done processing for: 50.0001ms
One: Done waiting for another: 50.0938ms
One: Done processing for: 50.0001ms
One: Done waiting for another: 50.0997ms
One: Done processing for: 50.0001ms
One: Done waiting for another: 50.1032ms
One: Done processing for: 50.0001ms
One: Done waiting for another: 50.0951ms
One: Done processing for: 50.0001ms
One: Done waiting for another: 50.096ms
One: Done processing for: 50.0001ms
One: Done waiting for another: 50.0912ms
One: Done processing for: 50.0001ms
One: Done waiting for another: 50.0901ms
One: Done processing for: 50.0001ms
One: Done waiting for another: 50.0991ms
One: Done processing for: 50.0001ms
One: Done waiting for another: 50.0921ms
Zero: Done waiting for another: 100.167ms
Zero: Done waiting for another: 100.236ms
Zero: Done waiting for another: 100.183ms
Zero: Done waiting for another: 100.188ms
Zero: Done waiting for another: 100.219ms
Zero: Done waiting for another: 100.181ms
Zero: Done waiting for another: 100.174ms
Zero: Done waiting for another: 100.176ms
Zero: Done waiting for another: 100.171ms
Zero: Done waiting for another: 100.173ms
